 => services => 
services => Geometry => 
services => featureName => 
featureName => name => 5de8fe7284802
services => featureName => 
featureName => name => 5de8fe7284826
services => textContent => 
textContent => information => 5de8fe728482c
information => text => 5de8fe7284831
textContent => information => 5de8fe728482c
information => text => 5de8fe7284838
textContent => information => 5de8fe728482c
information => text => 5de8fe728483e
services => underkeelAllowance => 
underkeelAllowance => underkeelAllowanceFixed => 5de8fe7284845
 => services => 
services => SrvControl_controlAuthority => 
SrvControl_controlAuthority => categoryOfAuthority => 
SrvControl_controlAuthority => textContent => 
textContent => categoryOfText => 5de8fe7284ac3
textContent => information => 5de8fe7284ac3
information => headline => 5de8fe7284adf
information => text => 5de8fe7284adf
SrvControl_controlAuthority => AuthorityContact_theContactDetails => 
AuthorityContact_theContactDetails => contactAddress => 
contactAddress => deliveryPoint => 5de8fe7284b0a
contactAddress => cityName => 5de8fe7284b0a
contactAddress => countryName => 5de8fe7284b0a
contactAddress => postalCode => 5de8fe7284b0a
AuthorityContact_theContactDetails => onlineResource => 
onlineResource => linkage => 5de8fe7284b00
AuthorityContact_theContactDetails => telecommunications => 
telecommunications => telecommunicationIdentifier => 5de8fe7284af7
SrvControl_controlAuthority => AuthorityHours_theServiceHours => 
AuthorityHours_theServiceHours => scheduleByDayOfWeek => 
scheduleByDayOfWeek => timeIntervalsByDayOfWeek => 5de8fe7284b20
timeIntervalsByDayOfWeek => dayOfWeek => 5de8fe7284b23
timeIntervalsByDayOfWeek => dayOfWeek => 5de8fe7284b23
timeIntervalsByDayOfWeek => dayOfWeekIsRange => 5de8fe7284b23
timeIntervalsByDayOfWeek => timeOfDayStart => 5de8fe7284b23
timeIntervalsByDayOfWeek => timeOfDayEnd => 5de8fe7284b23
AuthorityHours_theServiceHours => ExceptionalWorkday_partialWorkingDay => 
ExceptionalWorkday_partialWorkingDay => dateVariable => 
services => dynamicResource => 
 => services => 
services => Geometry => 
services => featureName => 
featureName => name => 
services => featureName => 
featureName => name => 
services => textContent => 
textContent => information => 
information => text => 
textContent => information => 
information => text => 
textContent => information => 
information => text => 
services => underkeelAllowance => 
underkeelAllowance => underkeelAllowanceFixed => 
 => services => 
services => SrvControl_controlAuthority => 
SrvControl_controlAuthority => categoryOfAuthority => 
SrvControl_controlAuthority => textContent => 
textContent => categoryOfText => 
textContent => information => 
information => headline => 
information => text => 
SrvControl_controlAuthority => AuthorityContact_theContactDetails => 
AuthorityContact_theContactDetails => contactAddress => 
contactAddress => deliveryPoint => 
contactAddress => cityName => 
contactAddress => countryName => 
contactAddress => postalCode => 
AuthorityContact_theContactDetails => onlineResource => 
onlineResource => linkage => 
AuthorityContact_theContactDetails => telecommunications => 
telecommunications => telecommunicationIdentifier => 
SrvControl_controlAuthority => AuthorityHours_theServiceHours => 
AuthorityHours_theServiceHours => scheduleByDayOfWeek => 
scheduleByDayOfWeek => timeIntervalsByDayOfWeek => 
timeIntervalsByDayOfWeek => dayOfWeek => 
timeIntervalsByDayOfWeek => dayOfWeek => 
timeIntervalsByDayOfWeek => dayOfWeekIsRange => 
timeIntervalsByDayOfWeek => timeOfDayStart => 
timeIntervalsByDayOfWeek => timeOfDayEnd => 
AuthorityHours_theServiceHours => ExceptionalWorkday_partialWorkingDay => 
ExceptionalWorkday_partialWorkingDay => dateVariable => 
services => dynamicResource => 
 => services => 
services => Geometry => 
services => featureName => 
featureName => name => 
services => featureName => 
featureName => name => 
services => textContent => 
textContent => information => 
information => text => 
textContent => information => 
information => text => 
textContent => information => 
information => text => 
services => underkeelAllowance => 
underkeelAllowance => underkeelAllowanceFixed => 
 => services => 
services => SrvControl_controlAuthority => 
SrvControl_controlAuthority => categoryOfAuthority => 
SrvControl_controlAuthority => textContent => 
textContent => categoryOfText => 
textContent => information => 
information => headline => 
information => text => 
SrvControl_controlAuthority => AuthorityContact_theContactDetails => 
AuthorityContact_theContactDetails => contactAddress => 
contactAddress => deliveryPoint => 
contactAddress => cityName => 
contactAddress => countryName => 
contactAddress => postalCode => 
AuthorityContact_theContactDetails => onlineResource => 
onlineResource => linkage => 
AuthorityContact_theContactDetails => telecommunications => 
telecommunications => telecommunicationIdentifier => 
SrvControl_controlAuthority => AuthorityHours_theServiceHours => 
AuthorityHours_theServiceHours => scheduleByDayOfWeek => 
scheduleByDayOfWeek => timeIntervalsByDayOfWeek => 
timeIntervalsByDayOfWeek => dayOfWeek => 
timeIntervalsByDayOfWeek => dayOfWeek => 
timeIntervalsByDayOfWeek => dayOfWeekIsRange => 
timeIntervalsByDayOfWeek => timeOfDayStart => 
timeIntervalsByDayOfWeek => timeOfDayEnd => 
AuthorityHours_theServiceHours => ExceptionalWorkday_partialWorkingDay => 
ExceptionalWorkday_partialWorkingDay => dateVariable => 
services => dynamicResource => 
 => services
services => Geometry
services => featureName
featureName => name
services => featureName
featureName => name
services => textContent
textContent => information
information => text
textContent => information
information => text
textContent => information
information => text
services => underkeelAllowance
underkeelAllowance => underkeelAllowanceFixed
 => services
services => SrvControl_controlAuthority
SrvControl_controlAuthority => categoryOfAuthority
SrvControl_controlAuthority => textContent
textContent => categoryOfText
textContent => information
information => headline
information => text
SrvControl_controlAuthority => AuthorityContact_theContactDetails
AuthorityContact_theContactDetails => contactAddress
contactAddress => deliveryPoint
contactAddress => cityName
contactAddress => countryName
contactAddress => postalCode
AuthorityContact_theContactDetails => onlineResource
onlineResource => linkage
AuthorityContact_theContactDetails => telecommunications
telecommunications => telecommunicationIdentifier
SrvControl_controlAuthority => AuthorityHours_theServiceHours
AuthorityHours_theServiceHours => scheduleByDayOfWeek
scheduleByDayOfWeek => timeIntervalsByDayOfWeek
timeIntervalsByDayOfWeek => dayOfWeek
timeIntervalsByDayOfWeek => dayOfWeek
timeIntervalsByDayOfWeek => dayOfWeekIsRange
timeIntervalsByDayOfWeek => timeOfDayStart
timeIntervalsByDayOfWeek => timeOfDayEnd
AuthorityHours_theServiceHours => ExceptionalWorkday_partialWorkingDay
ExceptionalWorkday_partialWorkingDay => dateVariable
services => dynamicResource
 => services
services => Geometry
services => featureName
featureName => name
services => featureName
featureName => name
services => textContent
textContent => information
information => text
textContent => information
information => text
textContent => information
information => text
services => underkeelAllowance
underkeelAllowance => underkeelAllowanceFixed
 => services
services => SrvControl_controlAuthority
SrvControl_controlAuthority => categoryOfAuthority
SrvControl_controlAuthority => textContent
textContent => categoryOfText
textContent => information
information => headline
information => text
SrvControl_controlAuthority => AuthorityContact_theContactDetails
AuthorityContact_theContactDetails => contactAddress
contactAddress => deliveryPoint
contactAddress => cityName
contactAddress => countryName
contactAddress => postalCode
AuthorityContact_theContactDetails => onlineResource
onlineResource => linkage
AuthorityContact_theContactDetails => telecommunications
telecommunications => telecommunicationIdentifier
SrvControl_controlAuthority => AuthorityHours_theServiceHours
AuthorityHours_theServiceHours => scheduleByDayOfWeek
scheduleByDayOfWeek => timeIntervalsByDayOfWeek
timeIntervalsByDayOfWeek => dayOfWeek
timeIntervalsByDayOfWeek => dayOfWeek
timeIntervalsByDayOfWeek => dayOfWeekIsRange
timeIntervalsByDayOfWeek => timeOfDayStart
timeIntervalsByDayOfWeek => timeOfDayEnd
AuthorityHours_theServiceHours => ExceptionalWorkday_partialWorkingDay
ExceptionalWorkday_partialWorkingDay => dateVariable
services => dynamicResource
 => services
services => Geometry
services => featureName
featureName => name
services => featureName
featureName => name
services => textContent
textContent => information
information => text
textContent => information
information => text
textContent => information
information => text
services => underkeelAllowance
underkeelAllowance => underkeelAllowanceFixed
 => services
services => SrvControl_controlAuthority
SrvControl_controlAuthority => categoryOfAuthority
SrvControl_controlAuthority => textContent
textContent => categoryOfText
textContent => information
information => headline
information => text
SrvControl_controlAuthority => AuthorityContact_theContactDetails
AuthorityContact_theContactDetails => contactAddress
contactAddress => deliveryPoint
contactAddress => cityName
contactAddress => countryName
contactAddress => postalCode
AuthorityContact_theContactDetails => onlineResource
onlineResource => linkage
AuthorityContact_theContactDetails => telecommunications
telecommunications => telecommunicationIdentifier
SrvControl_controlAuthority => AuthorityHours_theServiceHours
AuthorityHours_theServiceHours => scheduleByDayOfWeek
scheduleByDayOfWeek => timeIntervalsByDayOfWeek
timeIntervalsByDayOfWeek => dayOfWeek
timeIntervalsByDayOfWeek => dayOfWeek
timeIntervalsByDayOfWeek => dayOfWeekIsRange
timeIntervalsByDayOfWeek => timeOfDayStart
timeIntervalsByDayOfWeek => timeOfDayEnd
AuthorityHours_theServiceHours => ExceptionalWorkday_partialWorkingDay
ExceptionalWorkday_partialWorkingDay => dateVariable
services => dynamicResource
 => services
services => Geometry
services => featureName
featureName => name
services => featureName
featureName => name
services => textContent
textContent => information
information => text
textContent => information
information => text
textContent => information
information => text
services => underkeelAllowance
underkeelAllowance => underkeelAllowanceFixed
 => services
services => SrvControl_controlAuthority
SrvControl_controlAuthority => categoryOfAuthority
SrvControl_controlAuthority => textContent
textContent => categoryOfText
textContent => information
information => headline
information => text
SrvControl_controlAuthority => AuthorityContact_theContactDetails
AuthorityContact_theContactDetails => contactAddress
contactAddress => deliveryPoint
contactAddress => cityName
contactAddress => countryName
contactAddress => postalCode
AuthorityContact_theContactDetails => onlineResource
onlineResource => linkage
AuthorityContact_theContactDetails => telecommunications
telecommunications => telecommunicationIdentifier
SrvControl_controlAuthority => AuthorityHours_theServiceHours
AuthorityHours_theServiceHours => scheduleByDayOfWeek
scheduleByDayOfWeek => timeIntervalsByDayOfWeek
timeIntervalsByDayOfWeek => dayOfWeek
timeIntervalsByDayOfWeek => dayOfWeek
timeIntervalsByDayOfWeek => dayOfWeekIsRange
timeIntervalsByDayOfWeek => timeOfDayStart
timeIntervalsByDayOfWeek => timeOfDayEnd
AuthorityHours_theServiceHours => ExceptionalWorkday_partialWorkingDay
ExceptionalWorkday_partialWorkingDay => dateVariable
services => dynamicResource
 => services
services => Geometry
services => featureName
featureName => name
services => featureName
featureName => name
services => textContent
textContent => information
information => text
textContent => information
information => text
textContent => information
information => text
services => underkeelAllowance
underkeelAllowance => underkeelAllowanceFixed
 => services
services => SrvControl_controlAuthority
SrvControl_controlAuthority => categoryOfAuthority
SrvControl_controlAuthority => textContent
textContent => categoryOfText
textContent => information
information => headline
information => text
SrvControl_controlAuthority => AuthorityContact_theContactDetails
AuthorityContact_theContactDetails => contactAddress
contactAddress => deliveryPoint
contactAddress => cityName
contactAddress => countryName
contactAddress => postalCode
AuthorityContact_theContactDetails => onlineResource
onlineResource => linkage
AuthorityContact_theContactDetails => telecommunications
telecommunications => telecommunicationIdentifier
SrvControl_controlAuthority => AuthorityHours_theServiceHours
AuthorityHours_theServiceHours => scheduleByDayOfWeek
scheduleByDayOfWeek => timeIntervalsByDayOfWeek
timeIntervalsByDayOfWeek => dayOfWeek
timeIntervalsByDayOfWeek => dayOfWeek
timeIntervalsByDayOfWeek => dayOfWeekIsRange
timeIntervalsByDayOfWeek => timeOfDayStart
timeIntervalsByDayOfWeek => timeOfDayEnd
AuthorityHours_theServiceHours => ExceptionalWorkday_partialWorkingDay
ExceptionalWorkday_partialWorkingDay => dateVariable
services => dynamicResource
 => services
services => Geometry
services => featureName
featureName => name
services => featureName
featureName => name
services => textContent
textContent => information
information => text
textContent => information
information => text
textContent => information
information => text
services => underkeelAllowance
underkeelAllowance => underkeelAllowanceFixed
 => services
services => SrvControl_controlAuthority
SrvControl_controlAuthority => categoryOfAuthority
SrvControl_controlAuthority => textContent
textContent => categoryOfText
textContent => information
information => headline
information => text
SrvControl_controlAuthority => AuthorityContact_theContactDetails
AuthorityContact_theContactDetails => contactAddress
contactAddress => deliveryPoint
contactAddress => cityName
contactAddress => countryName
contactAddress => postalCode
AuthorityContact_theContactDetails => onlineResource
onlineResource => linkage
AuthorityContact_theContactDetails => telecommunications
telecommunications => telecommunicationIdentifier
SrvControl_controlAuthority => AuthorityHours_theServiceHours
AuthorityHours_theServiceHours => scheduleByDayOfWeek
scheduleByDayOfWeek => timeIntervalsByDayOfWeek
timeIntervalsByDayOfWeek => dayOfWeek
timeIntervalsByDayOfWeek => dayOfWeek
timeIntervalsByDayOfWeek => dayOfWeekIsRange
timeIntervalsByDayOfWeek => timeOfDayStart
timeIntervalsByDayOfWeek => timeOfDayEnd
AuthorityHours_theServiceHours => ExceptionalWorkday_partialWorkingDay
ExceptionalWorkday_partialWorkingDay => dateVariable
services => dynamicResource
 => services
services => Geometry
services => featureName
featureName => name
services => featureName
featureName => name
services => textContent
textContent => information
information => text
textContent => information
information => text
textContent => information
information => text
services => underkeelAllowance
underkeelAllowance => underkeelAllowanceFixed
 => services
services => SrvControl_controlAuthority
SrvControl_controlAuthority => categoryOfAuthority
SrvControl_controlAuthority => textContent
textContent => categoryOfText
textContent => information
information => headline
information => text
SrvControl_controlAuthority => AuthorityContact_theContactDetails
AuthorityContact_theContactDetails => contactAddress
contactAddress => deliveryPoint
contactAddress => cityName
contactAddress => countryName
contactAddress => postalCode
AuthorityContact_theContactDetails => onlineResource
onlineResource => linkage
AuthorityContact_theContactDetails => telecommunications
telecommunications => telecommunicationIdentifier
SrvControl_controlAuthority => AuthorityHours_theServiceHours
AuthorityHours_theServiceHours => scheduleByDayOfWeek
scheduleByDayOfWeek => timeIntervalsByDayOfWeek
timeIntervalsByDayOfWeek => dayOfWeek
timeIntervalsByDayOfWeek => dayOfWeek
timeIntervalsByDayOfWeek => dayOfWeekIsRange
timeIntervalsByDayOfWeek => timeOfDayStart
timeIntervalsByDayOfWeek => timeOfDayEnd
AuthorityHours_theServiceHours => ExceptionalWorkday_partialWorkingDay
ExceptionalWorkday_partialWorkingDay => dateVariable
services => dynamicResource
 => services
services => Geometry
services => featureName
featureName => name
services => featureName
featureName => name
services => textContent
textContent => information
information => text
textContent => information
information => text
textContent => information
information => text
services => underkeelAllowance
underkeelAllowance => underkeelAllowanceFixed
 => services
services => SrvControl_controlAuthority
SrvControl_controlAuthority => categoryOfAuthority
SrvControl_controlAuthority => textContent
textContent => categoryOfText
textContent => information
information => headline
information => text
SrvControl_controlAuthority => AuthorityContact_theContactDetails
AuthorityContact_theContactDetails => contactAddress
contactAddress => deliveryPoint
contactAddress => cityName
contactAddress => countryName
contactAddress => postalCode
AuthorityContact_theContactDetails => onlineResource
onlineResource => linkage
AuthorityContact_theContactDetails => telecommunications
telecommunications => telecommunicationIdentifier
SrvControl_controlAuthority => AuthorityHours_theServiceHours
AuthorityHours_theServiceHours => scheduleByDayOfWeek
scheduleByDayOfWeek => timeIntervalsByDayOfWeek
timeIntervalsByDayOfWeek => dayOfWeek
timeIntervalsByDayOfWeek => dayOfWeek
timeIntervalsByDayOfWeek => dayOfWeekIsRange
timeIntervalsByDayOfWeek => timeOfDayStart
timeIntervalsByDayOfWeek => timeOfDayEnd
AuthorityHours_theServiceHours => ExceptionalWorkday_partialWorkingDay
ExceptionalWorkday_partialWorkingDay => dateVariable
services => dynamicResource
 => services
services => Geometry
services => featureName
featureName => name
services => featureName
featureName => name
services => textContent
textContent => information
information => text
textContent => information
information => text
textContent => information
information => text
services => underkeelAllowance
underkeelAllowance => underkeelAllowanceFixed
 => services
services => SrvControl_controlAuthority
SrvControl_controlAuthority => categoryOfAuthority
SrvControl_controlAuthority => textContent
textContent => categoryOfText
textContent => information
information => headline
information => text
SrvControl_controlAuthority => AuthorityContact_theContactDetails
AuthorityContact_theContactDetails => contactAddress
contactAddress => deliveryPoint
contactAddress => cityName
contactAddress => countryName
contactAddress => postalCode
AuthorityContact_theContactDetails => onlineResource
onlineResource => linkage
AuthorityContact_theContactDetails => telecommunications
telecommunications => telecommunicationIdentifier
SrvControl_controlAuthority => AuthorityHours_theServiceHours
AuthorityHours_theServiceHours => scheduleByDayOfWeek
scheduleByDayOfWeek => timeIntervalsByDayOfWeek
timeIntervalsByDayOfWeek => dayOfWeek
timeIntervalsByDayOfWeek => dayOfWeek
timeIntervalsByDayOfWeek => dayOfWeekIsRange
timeIntervalsByDayOfWeek => timeOfDayStart
timeIntervalsByDayOfWeek => timeOfDayEnd
AuthorityHours_theServiceHours => ExceptionalWorkday_partialWorkingDay
ExceptionalWorkday_partialWorkingDay => dateVariable
services => dynamicResource
 => services
services => Geometry
services => featureName
featureName => name
services => featureName
featureName => name
services => textContent
textContent => information
information => text
textContent => information
information => text
textContent => information
information => text
services => underkeelAllowance
underkeelAllowance => underkeelAllowanceFixed
 => services
services => SrvControl_controlAuthority
SrvControl_controlAuthority => categoryOfAuthority
SrvControl_controlAuthority => textContent
textContent => categoryOfText
textContent => information
information => headline
information => text
SrvControl_controlAuthority => AuthorityContact_theContactDetails
AuthorityContact_theContactDetails => contactAddress
contactAddress => deliveryPoint
contactAddress => cityName
contactAddress => countryName
contactAddress => postalCode
AuthorityContact_theContactDetails => onlineResource
onlineResource => linkage
AuthorityContact_theContactDetails => telecommunications
telecommunications => telecommunicationIdentifier
SrvControl_controlAuthority => AuthorityHours_theServiceHours
AuthorityHours_theServiceHours => scheduleByDayOfWeek
scheduleByDayOfWeek => timeIntervalsByDayOfWeek
timeIntervalsByDayOfWeek => dayOfWeek
timeIntervalsByDayOfWeek => dayOfWeek
timeIntervalsByDayOfWeek => dayOfWeekIsRange
timeIntervalsByDayOfWeek => timeOfDayStart
timeIntervalsByDayOfWeek => timeOfDayEnd
AuthorityHours_theServiceHours => ExceptionalWorkday_partialWorkingDay
ExceptionalWorkday_partialWorkingDay => dateVariable
services => dynamicResource
 => services
services => Geometry
services => featureName
featureName => name
services => featureName
featureName => name
services => textContent
textContent => information
information => text
textContent => information
information => text
textContent => information
information => text
services => underkeelAllowance
underkeelAllowance => underkeelAllowanceFixed
 => services
services => SrvControl_controlAuthority
SrvControl_controlAuthority => categoryOfAuthority
SrvControl_controlAuthority => textContent
textContent => categoryOfText
textContent => information
information => headline
information => text
SrvControl_controlAuthority => AuthorityContact_theContactDetails
AuthorityContact_theContactDetails => contactAddress
contactAddress => deliveryPoint
contactAddress => cityName
contactAddress => countryName
contactAddress => postalCode
AuthorityContact_theContactDetails => onlineResource
onlineResource => linkage
AuthorityContact_theContactDetails => telecommunications
telecommunications => telecommunicationIdentifier
SrvControl_controlAuthority => AuthorityHours_theServiceHours
AuthorityHours_theServiceHours => scheduleByDayOfWeek
scheduleByDayOfWeek => timeIntervalsByDayOfWeek
timeIntervalsByDayOfWeek => dayOfWeek
timeIntervalsByDayOfWeek => dayOfWeek
timeIntervalsByDayOfWeek => dayOfWeekIsRange
timeIntervalsByDayOfWeek => timeOfDayStart
timeIntervalsByDayOfWeek => timeOfDayEnd
AuthorityHours_theServiceHours => ExceptionalWorkday_partialWorkingDay
ExceptionalWorkday_partialWorkingDay => dateVariable
services => dynamicResource
 => services
services => Geometry
services => featureName
featureName => name
services => featureName
featureName => name
services => textContent
textContent => information
information => text
textContent => information
information => text
textContent => information
information => text
services => underkeelAllowance
underkeelAllowance => underkeelAllowanceFixed
 => services
services => SrvControl_controlAuthority
SrvControl_controlAuthority => categoryOfAuthority
SrvControl_controlAuthority => textContent
textContent => categoryOfText
textContent => information
information => headline
information => text
SrvControl_controlAuthority => AuthorityContact_theContactDetails
AuthorityContact_theContactDetails => contactAddress
contactAddress => deliveryPoint
contactAddress => cityName
contactAddress => countryName
contactAddress => postalCode
AuthorityContact_theContactDetails => onlineResource
onlineResource => linkage
AuthorityContact_theContactDetails => telecommunications
telecommunications => telecommunicationIdentifier
SrvControl_controlAuthority => AuthorityHours_theServiceHours
AuthorityHours_theServiceHours => scheduleByDayOfWeek
scheduleByDayOfWeek => timeIntervalsByDayOfWeek
timeIntervalsByDayOfWeek => dayOfWeek
timeIntervalsByDayOfWeek => dayOfWeek
timeIntervalsByDayOfWeek => dayOfWeekIsRange
timeIntervalsByDayOfWeek => timeOfDayStart
timeIntervalsByDayOfWeek => timeOfDayEnd
AuthorityHours_theServiceHours => ExceptionalWorkday_partialWorkingDay
ExceptionalWorkday_partialWorkingDay => dateVariable
services => dynamicResource
 => services
services => Geometry
services => featureName
featureName => name
services => featureName
featureName => name
services => textContent
textContent => information
information => text
textContent => information
information => text
textContent => information
information => text
services => underkeelAllowance
underkeelAllowance => underkeelAllowanceFixed
 => services
services => SrvControl_controlAuthority
SrvControl_controlAuthority => categoryOfAuthority
SrvControl_controlAuthority => textContent
textContent => categoryOfText
textContent => information
information => headline
information => text
SrvControl_controlAuthority => AuthorityContact_theContactDetails
AuthorityContact_theContactDetails => contactAddress
contactAddress => deliveryPoint
contactAddress => cityName
contactAddress => countryName
contactAddress => postalCode
AuthorityContact_theContactDetails => onlineResource
onlineResource => linkage
AuthorityContact_theContactDetails => telecommunications
telecommunications => telecommunicationIdentifier
SrvControl_controlAuthority => AuthorityHours_theServiceHours
AuthorityHours_theServiceHours => scheduleByDayOfWeek
scheduleByDayOfWeek => timeIntervalsByDayOfWeek
timeIntervalsByDayOfWeek => dayOfWeek
timeIntervalsByDayOfWeek => dayOfWeek
timeIntervalsByDayOfWeek => dayOfWeekIsRange
timeIntervalsByDayOfWeek => timeOfDayStart
timeIntervalsByDayOfWeek => timeOfDayEnd
AuthorityHours_theServiceHours => ExceptionalWorkday_partialWorkingDay
ExceptionalWorkday_partialWorkingDay => dateVariable
services => dynamicResource
 => services
services => Geometry
services => featureName
featureName => name
services => featureName
featureName => name
services => textContent
textContent => information
information => text
textContent => information
information => text
textContent => information
information => text
services => underkeelAllowance
underkeelAllowance => underkeelAllowanceFixed
 => services
services => SrvControl_controlAuthority
SrvControl_controlAuthority => categoryOfAuthority
SrvControl_controlAuthority => textContent
textContent => categoryOfText
textContent => information
information => headline
information => text
SrvControl_controlAuthority => AuthorityContact_theContactDetails
AuthorityContact_theContactDetails => contactAddress
contactAddress => deliveryPoint
contactAddress => cityName
contactAddress => countryName
contactAddress => postalCode
AuthorityContact_theContactDetails => onlineResource
onlineResource => linkage
AuthorityContact_theContactDetails => telecommunications
telecommunications => telecommunicationIdentifier
SrvControl_controlAuthority => AuthorityHours_theServiceHours
AuthorityHours_theServiceHours => scheduleByDayOfWeek
scheduleByDayOfWeek => timeIntervalsByDayOfWeek
timeIntervalsByDayOfWeek => dayOfWeek
timeIntervalsByDayOfWeek => dayOfWeek
timeIntervalsByDayOfWeek => dayOfWeekIsRange
timeIntervalsByDayOfWeek => timeOfDayStart
timeIntervalsByDayOfWeek => timeOfDayEnd
AuthorityHours_theServiceHours => ExceptionalWorkday_partialWorkingDay
ExceptionalWorkday_partialWorkingDay => dateVariable
services => dynamicResource
 => services
services => Geometry
services => featureName
featureName => name
services => featureName
featureName => name
services => textContent
textContent => information
information => text
textContent => information
information => text
textContent => information
information => text
services => underkeelAllowance
underkeelAllowance => underkeelAllowanceFixed
 => services
services => SrvControl_controlAuthority
SrvControl_controlAuthority => categoryOfAuthority
SrvControl_controlAuthority => textContent
textContent => categoryOfText
textContent => information
information => headline
information => text
SrvControl_controlAuthority => AuthorityContact_theContactDetails
AuthorityContact_theContactDetails => contactAddress
contactAddress => deliveryPoint
contactAddress => cityName
contactAddress => countryName
contactAddress => postalCode
AuthorityContact_theContactDetails => onlineResource
onlineResource => linkage
AuthorityContact_theContactDetails => telecommunications
telecommunications => telecommunicationIdentifier
SrvControl_controlAuthority => AuthorityHours_theServiceHours
AuthorityHours_theServiceHours => scheduleByDayOfWeek
scheduleByDayOfWeek => timeIntervalsByDayOfWeek
timeIntervalsByDayOfWeek => dayOfWeek
timeIntervalsByDayOfWeek => dayOfWeek
timeIntervalsByDayOfWeek => dayOfWeekIsRange
timeIntervalsByDayOfWeek => timeOfDayStart
timeIntervalsByDayOfWeek => timeOfDayEnd
AuthorityHours_theServiceHours => ExceptionalWorkday_partialWorkingDay
ExceptionalWorkday_partialWorkingDay => dateVariable
services => dynamicResource
 => services
services => Geometry
services => featureName
featureName => name
services => featureName
featureName => name
services => textContent
textContent => information
information => text
textContent => information
information => text
textContent => information
information => text
services => underkeelAllowance
underkeelAllowance => underkeelAllowanceFixed
 => services
services => SrvControl_controlAuthority
SrvControl_controlAuthority => categoryOfAuthority
SrvControl_controlAuthority => textContent
textContent => categoryOfText
textContent => information
information => headline
information => text
SrvControl_controlAuthority => AuthorityContact_theContactDetails
AuthorityContact_theContactDetails => contactAddress
contactAddress => deliveryPoint
contactAddress => cityName
contactAddress => countryName
contactAddress => postalCode
AuthorityContact_theContactDetails => onlineResource
onlineResource => linkage
AuthorityContact_theContactDetails => telecommunications
telecommunications => telecommunicationIdentifier
SrvControl_controlAuthority => AuthorityHours_theServiceHours
AuthorityHours_theServiceHours => scheduleByDayOfWeek
scheduleByDayOfWeek => timeIntervalsByDayOfWeek
timeIntervalsByDayOfWeek => dayOfWeek
timeIntervalsByDayOfWeek => dayOfWeek
timeIntervalsByDayOfWeek => dayOfWeekIsRange
timeIntervalsByDayOfWeek => timeOfDayStart
timeIntervalsByDayOfWeek => timeOfDayEnd
AuthorityHours_theServiceHours => ExceptionalWorkday_partialWorkingDay
ExceptionalWorkday_partialWorkingDay => dateVariable
services => dynamicResource
 => services
services => Geometry
services => featureName
featureName => name
services => featureName
featureName => name
services => textContent
textContent => information
information => text
textContent => information
information => text
textContent => information
information => text
services => underkeelAllowance
underkeelAllowance => underkeelAllowanceFixed
 => services
services => SrvControl_controlAuthority
SrvControl_controlAuthority => categoryOfAuthority
SrvControl_controlAuthority => textContent
textContent => categoryOfText
textContent => information
information => headline
information => text
SrvControl_controlAuthority => AuthorityContact_theContactDetails
AuthorityContact_theContactDetails => contactAddress
contactAddress => deliveryPoint
contactAddress => cityName
contactAddress => countryName
contactAddress => postalCode
AuthorityContact_theContactDetails => onlineResource
onlineResource => linkage
AuthorityContact_theContactDetails => telecommunications
telecommunications => telecommunicationIdentifier
SrvControl_controlAuthority => AuthorityHours_theServiceHours
AuthorityHours_theServiceHours => scheduleByDayOfWeek
scheduleByDayOfWeek => timeIntervalsByDayOfWeek
timeIntervalsByDayOfWeek => dayOfWeek
timeIntervalsByDayOfWeek => dayOfWeek
timeIntervalsByDayOfWeek => dayOfWeekIsRange
timeIntervalsByDayOfWeek => timeOfDayStart
timeIntervalsByDayOfWeek => timeOfDayEnd
AuthorityHours_theServiceHours => ExceptionalWorkday_partialWorkingDay
ExceptionalWorkday_partialWorkingDay => dateVariable
services => dynamicResource
 => services
services => Geometry
services => featureName
featureName => name
services => featureName
featureName => name
services => textContent
textContent => information
information => text
textContent => information
information => text
textContent => information
information => text
services => underkeelAllowance
underkeelAllowance => underkeelAllowanceFixed
 => services
services => SrvControl_controlAuthority
SrvControl_controlAuthority => categoryOfAuthority
SrvControl_controlAuthority => textContent
textContent => categoryOfText
textContent => information
information => headline
information => text
SrvControl_controlAuthority => AuthorityContact_theContactDetails
AuthorityContact_theContactDetails => contactAddress
contactAddress => deliveryPoint
contactAddress => cityName
contactAddress => countryName
contactAddress => postalCode
AuthorityContact_theContactDetails => onlineResource
onlineResource => linkage
AuthorityContact_theContactDetails => telecommunications
telecommunications => telecommunicationIdentifier
SrvControl_controlAuthority => AuthorityHours_theServiceHours
AuthorityHours_theServiceHours => scheduleByDayOfWeek
scheduleByDayOfWeek => timeIntervalsByDayOfWeek
timeIntervalsByDayOfWeek => dayOfWeek
timeIntervalsByDayOfWeek => dayOfWeek
timeIntervalsByDayOfWeek => dayOfWeekIsRange
timeIntervalsByDayOfWeek => timeOfDayStart
timeIntervalsByDayOfWeek => timeOfDayEnd
AuthorityHours_theServiceHours => ExceptionalWorkday_partialWorkingDay
ExceptionalWorkday_partialWorkingDay => dateVariable
services => dynamicResource
 => services
 => services
 => Geometry
 => featureName
featureName => name
 => featureName
featureName => name
 => textContent
textContent => information
information => text
textContent => information
information => text
textContent => information
information => text
 => underkeelAllowance
underkeelAllowance => underkeelAllowanceFixed
 => services
 => SrvControl_controlAuthority
SrvControl_controlAuthority => categoryOfAuthority
SrvControl_controlAuthority => textContent
textContent => categoryOfText
textContent => information
information => headline
information => text
SrvControl_controlAuthority => AuthorityContact_theContactDetails
AuthorityContact_theContactDetails => contactAddress
contactAddress => deliveryPoint
contactAddress => cityName
contactAddress => countryName
contactAddress => postalCode
AuthorityContact_theContactDetails => onlineResource
onlineResource => linkage
AuthorityContact_theContactDetails => telecommunications
telecommunications => telecommunicationIdentifier
SrvControl_controlAuthority => AuthorityHours_theServiceHours
AuthorityHours_theServiceHours => scheduleByDayOfWeek
scheduleByDayOfWeek => timeIntervalsByDayOfWeek
timeIntervalsByDayOfWeek => dayOfWeek
timeIntervalsByDayOfWeek => dayOfWeek
timeIntervalsByDayOfWeek => dayOfWeekIsRange
timeIntervalsByDayOfWeek => timeOfDayStart
timeIntervalsByDayOfWeek => timeOfDayEnd
AuthorityHours_theServiceHours => ExceptionalWorkday_partialWorkingDay
ExceptionalWorkday_partialWorkingDay => dateVariable
 => dynamicResource
 => services
 => Geometry
 => featureName
featureName => name
 => featureName
featureName => name
 => textContent
textContent => information
information => text
textContent => information
information => text
textContent => information
information => text
 => underkeelAllowance
underkeelAllowance => underkeelAllowanceFixed
 => services
 => SrvControl_controlAuthority
SrvControl_controlAuthority => categoryOfAuthority
SrvControl_controlAuthority => textContent
textContent => categoryOfText
textContent => information
information => headline
information => text
SrvControl_controlAuthority => AuthorityContact_theContactDetails
AuthorityContact_theContactDetails => contactAddress
contactAddress => deliveryPoint
contactAddress => cityName
contactAddress => countryName
contactAddress => postalCode
AuthorityContact_theContactDetails => onlineResource
onlineResource => linkage
AuthorityContact_theContactDetails => telecommunications
telecommunications => telecommunicationIdentifier
SrvControl_controlAuthority => AuthorityHours_theServiceHours
AuthorityHours_theServiceHours => scheduleByDayOfWeek
scheduleByDayOfWeek => timeIntervalsByDayOfWeek
timeIntervalsByDayOfWeek => dayOfWeek
timeIntervalsByDayOfWeek => dayOfWeek
timeIntervalsByDayOfWeek => dayOfWeekIsRange
timeIntervalsByDayOfWeek => timeOfDayStart
timeIntervalsByDayOfWeek => timeOfDayEnd
AuthorityHours_theServiceHours => ExceptionalWorkday_partialWorkingDay
ExceptionalWorkday_partialWorkingDay => dateVariable
 => dynamicResource
 => services
 => Geometry
 => featureName
featureName => name
 => featureName
featureName => name
 => textContent
textContent => information
information => text
textContent => information
information => text
textContent => information
information => text
 => underkeelAllowance
underkeelAllowance => underkeelAllowanceFixed
 => services
 => SrvControl_controlAuthority
SrvControl_controlAuthority => categoryOfAuthority
SrvControl_controlAuthority => textContent
textContent => categoryOfText
textContent => information
information => headline
information => text
SrvControl_controlAuthority => AuthorityContact_theContactDetails
AuthorityContact_theContactDetails => contactAddress
contactAddress => deliveryPoint
contactAddress => cityName
contactAddress => countryName
contactAddress => postalCode
AuthorityContact_theContactDetails => onlineResource
onlineResource => linkage
AuthorityContact_theContactDetails => telecommunications
telecommunications => telecommunicationIdentifier
SrvControl_controlAuthority => AuthorityHours_theServiceHours
AuthorityHours_theServiceHours => scheduleByDayOfWeek
scheduleByDayOfWeek => timeIntervalsByDayOfWeek
timeIntervalsByDayOfWeek => dayOfWeek
timeIntervalsByDayOfWeek => dayOfWeek
timeIntervalsByDayOfWeek => dayOfWeekIsRange
timeIntervalsByDayOfWeek => timeOfDayStart
timeIntervalsByDayOfWeek => timeOfDayEnd
AuthorityHours_theServiceHours => ExceptionalWorkday_partialWorkingDay
ExceptionalWorkday_partialWorkingDay => dateVariable
 => dynamicResource
 => services
 => Geometry
 => featureName
featureName => name
 => featureName
featureName => name
 => textContent
textContent => information
information => text
textContent => information
information => text
textContent => information
information => text
 => underkeelAllowance
underkeelAllowance => underkeelAllowanceFixed
 => services
 => SrvControl_controlAuthority
SrvControl_controlAuthority => categoryOfAuthority
SrvControl_controlAuthority => textContent
textContent => categoryOfText
textContent => information
information => headline
information => text
SrvControl_controlAuthority => AuthorityContact_theContactDetails
AuthorityContact_theContactDetails => contactAddress
contactAddress => deliveryPoint
contactAddress => cityName
contactAddress => countryName
contactAddress => postalCode
AuthorityContact_theContactDetails => onlineResource
onlineResource => linkage
AuthorityContact_theContactDetails => telecommunications
telecommunications => telecommunicationIdentifier
SrvControl_controlAuthority => AuthorityHours_theServiceHours
AuthorityHours_theServiceHours => scheduleByDayOfWeek
scheduleByDayOfWeek => timeIntervalsByDayOfWeek
timeIntervalsByDayOfWeek => dayOfWeek
timeIntervalsByDayOfWeek => dayOfWeek
timeIntervalsByDayOfWeek => dayOfWeekIsRange
timeIntervalsByDayOfWeek => timeOfDayStart
timeIntervalsByDayOfWeek => timeOfDayEnd
AuthorityHours_theServiceHours => ExceptionalWorkday_partialWorkingDay
ExceptionalWorkday_partialWorkingDay => dateVariable
 => dynamicResource
 => services
 => Geometry
 => featureName
featureName => name
 => featureName
featureName => name
 => textContent
textContent => information
information => text
textContent => information
information => text
textContent => information
information => text
 => underkeelAllowance
underkeelAllowance => underkeelAllowanceFixed
 => services
 => SrvControl_controlAuthority
SrvControl_controlAuthority => categoryOfAuthority
SrvControl_controlAuthority => textContent
textContent => categoryOfText
textContent => information
information => headline
information => text
SrvControl_controlAuthority => AuthorityContact_theContactDetails
AuthorityContact_theContactDetails => contactAddress
contactAddress => deliveryPoint
contactAddress => cityName
contactAddress => countryName
contactAddress => postalCode
AuthorityContact_theContactDetails => onlineResource
onlineResource => linkage
AuthorityContact_theContactDetails => telecommunications
telecommunications => telecommunicationIdentifier
SrvControl_controlAuthority => AuthorityHours_theServiceHours
AuthorityHours_theServiceHours => scheduleByDayOfWeek
scheduleByDayOfWeek => timeIntervalsByDayOfWeek
timeIntervalsByDayOfWeek => dayOfWeek
timeIntervalsByDayOfWeek => dayOfWeek
timeIntervalsByDayOfWeek => dayOfWeekIsRange
timeIntervalsByDayOfWeek => timeOfDayStart
timeIntervalsByDayOfWeek => timeOfDayEnd
AuthorityHours_theServiceHours => ExceptionalWorkday_partialWorkingDay
ExceptionalWorkday_partialWorkingDay => dateVariable
 => dynamicResource
 => services
 => Geometry
 => featureName
featureName => name
 => featureName
featureName => name
 => textContent
textContent => information
information => text
textContent => information
information => text
textContent => information
information => text
 => underkeelAllowance
underkeelAllowance => underkeelAllowanceFixed
 => services
 => SrvControl_controlAuthority
SrvControl_controlAuthority => categoryOfAuthority
SrvControl_controlAuthority => textContent
textContent => categoryOfText
textContent => information
information => headline
information => text
SrvControl_controlAuthority => AuthorityContact_theContactDetails
AuthorityContact_theContactDetails => contactAddress
contactAddress => deliveryPoint
contactAddress => cityName
contactAddress => countryName
contactAddress => postalCode
AuthorityContact_theContactDetails => onlineResource
onlineResource => linkage
AuthorityContact_theContactDetails => telecommunications
telecommunications => telecommunicationIdentifier
SrvControl_controlAuthority => AuthorityHours_theServiceHours
AuthorityHours_theServiceHours => scheduleByDayOfWeek
scheduleByDayOfWeek => timeIntervalsByDayOfWeek
timeIntervalsByDayOfWeek => dayOfWeek
timeIntervalsByDayOfWeek => dayOfWeek
timeIntervalsByDayOfWeek => dayOfWeekIsRange
timeIntervalsByDayOfWeek => timeOfDayStart
timeIntervalsByDayOfWeek => timeOfDayEnd
AuthorityHours_theServiceHours => ExceptionalWorkday_partialWorkingDay
ExceptionalWorkday_partialWorkingDay => dateVariable
 => dynamicResource
 => services
 => Geometry
 => featureName
featureName => name
 => featureName
featureName => name
 => textContent
textContent => information
information => text
textContent => information
information => text
textContent => information
information => text
 => underkeelAllowance
underkeelAllowance => underkeelAllowanceFixed
 => services
 => SrvControl_controlAuthority
SrvControl_controlAuthority => categoryOfAuthority
SrvControl_controlAuthority => textContent
textContent => categoryOfText
textContent => information
information => headline
information => text
SrvControl_controlAuthority => AuthorityContact_theContactDetails
AuthorityContact_theContactDetails => contactAddress
contactAddress => deliveryPoint
contactAddress => cityName
contactAddress => countryName
contactAddress => postalCode
AuthorityContact_theContactDetails => onlineResource
onlineResource => linkage
AuthorityContact_theContactDetails => telecommunications
telecommunications => telecommunicationIdentifier
SrvControl_controlAuthority => AuthorityHours_theServiceHours
AuthorityHours_theServiceHours => scheduleByDayOfWeek
scheduleByDayOfWeek => timeIntervalsByDayOfWeek
timeIntervalsByDayOfWeek => dayOfWeek
timeIntervalsByDayOfWeek => dayOfWeek
timeIntervalsByDayOfWeek => dayOfWeekIsRange
timeIntervalsByDayOfWeek => timeOfDayStart
timeIntervalsByDayOfWeek => timeOfDayEnd
AuthorityHours_theServiceHours => ExceptionalWorkday_partialWorkingDay
ExceptionalWorkday_partialWorkingDay => dateVariable
 => dynamicResource
 => services
 => Geometry
 => featureName
featureName => name
 => featureName
featureName => name
 => textContent
textContent => information
information => text
textContent => information
information => text
textContent => information
information => text
 => underkeelAllowance
underkeelAllowance => underkeelAllowanceFixed
 => services
 => SrvControl_controlAuthority
SrvControl_controlAuthority => categoryOfAuthority
SrvControl_controlAuthority => textContent
textContent => categoryOfText
textContent => information
information => headline
information => text
SrvControl_controlAuthority => AuthorityContact_theContactDetails
AuthorityContact_theContactDetails => contactAddress
contactAddress => deliveryPoint
contactAddress => cityName
contactAddress => countryName
contactAddress => postalCode
AuthorityContact_theContactDetails => onlineResource
onlineResource => linkage
AuthorityContact_theContactDetails => telecommunications
telecommunications => telecommunicationIdentifier
SrvControl_controlAuthority => AuthorityHours_theServiceHours
AuthorityHours_theServiceHours => scheduleByDayOfWeek
scheduleByDayOfWeek => timeIntervalsByDayOfWeek
timeIntervalsByDayOfWeek => dayOfWeek
timeIntervalsByDayOfWeek => dayOfWeek
timeIntervalsByDayOfWeek => dayOfWeekIsRange
timeIntervalsByDayOfWeek => timeOfDayStart
timeIntervalsByDayOfWeek => timeOfDayEnd
AuthorityHours_theServiceHours => ExceptionalWorkday_partialWorkingDay
ExceptionalWorkday_partialWorkingDay => dateVariable
 => dynamicResource
 => services
 => Geometry
 => featureName
featureName => name
 => featureName
featureName => name
 => textContent
textContent => information
information => text
textContent => information
information => text
textContent => information
information => text
 => underkeelAllowance
underkeelAllowance => underkeelAllowanceFixed
 => services
 => SrvControl_controlAuthority
 => categoryOfAuthority
 => textContent
textContent => categoryOfText
textContent => information
information => headline
information => text
 => AuthorityContact_theContactDetails
 => contactAddress
contactAddress => deliveryPoint
contactAddress => cityName
contactAddress => countryName
contactAddress => postalCode
 => onlineResource
onlineResource => linkage
 => telecommunications
telecommunications => telecommunicationIdentifier
 => AuthorityHours_theServiceHours
 => scheduleByDayOfWeek
scheduleByDayOfWeek => timeIntervalsByDayOfWeek
timeIntervalsByDayOfWeek => dayOfWeek
timeIntervalsByDayOfWeek => dayOfWeek
timeIntervalsByDayOfWeek => dayOfWeekIsRange
timeIntervalsByDayOfWeek => timeOfDayStart
timeIntervalsByDayOfWeek => timeOfDayEnd
 => ExceptionalWorkday_partialWorkingDay
 => dateVariable
 => dynamicResource
 => services
 => Geometry
 => featureName
featureName => name
 => featureName
featureName => name
 => textContent
textContent => information
information => text
textContent => information
information => text
textContent => information
information => text
 => underkeelAllowance
underkeelAllowance => underkeelAllowanceFixed
 => services
 => SrvControl_controlAuthority
 => categoryOfAuthority
 => textContent
textContent => categoryOfText
textContent => information
information => headline
information => text
 => AuthorityContact_theContactDetails
 => contactAddress
contactAddress => deliveryPoint
contactAddress => cityName
contactAddress => countryName
contactAddress => postalCode
 => onlineResource
onlineResource => linkage
 => telecommunications
telecommunications => telecommunicationIdentifier
 => AuthorityHours_theServiceHours
 => scheduleByDayOfWeek
scheduleByDayOfWeek => timeIntervalsByDayOfWeek
timeIntervalsByDayOfWeek => dayOfWeek
timeIntervalsByDayOfWeek => dayOfWeek
timeIntervalsByDayOfWeek => dayOfWeekIsRange
timeIntervalsByDayOfWeek => timeOfDayStart
timeIntervalsByDayOfWeek => timeOfDayEnd
 => ExceptionalWorkday_partialWorkingDay
 => dateVariable
 => dynamicResource
 => services
 => Geometry
 => featureName
featureName => name
 => featureName
featureName => name
 => textContent
textContent => information
information => text
textContent => information
information => text
textContent => information
information => text
 => underkeelAllowance
underkeelAllowance => underkeelAllowanceFixed
 => services
 => SrvControl_controlAuthority
 => categoryOfAuthority
 => textContent
textContent => categoryOfText
textContent => information
information => headline
information => text
 => AuthorityContact_theContactDetails
 => contactAddress
contactAddress => deliveryPoint
contactAddress => cityName
contactAddress => countryName
contactAddress => postalCode
 => onlineResource
onlineResource => linkage
 => telecommunications
telecommunications => telecommunicationIdentifier
 => AuthorityHours_theServiceHours
 => scheduleByDayOfWeek
scheduleByDayOfWeek => timeIntervalsByDayOfWeek
timeIntervalsByDayOfWeek => dayOfWeek
timeIntervalsByDayOfWeek => dayOfWeek
timeIntervalsByDayOfWeek => dayOfWeekIsRange
timeIntervalsByDayOfWeek => timeOfDayStart
timeIntervalsByDayOfWeek => timeOfDayEnd
 => ExceptionalWorkday_partialWorkingDay
 => dateVariable
 => dynamicResource
 => services
 => Geometry
 => featureName
featureName => name
 => featureName
featureName => name
 => textContent
textContent => information
information => text
textContent => information
information => text
textContent => information
information => text
 => underkeelAllowance
underkeelAllowance => underkeelAllowanceFixed
 => services
 => SrvControl_controlAuthority
 => categoryOfAuthority
 => textContent
textContent => categoryOfText
textContent => information
information => headline
information => text
 => AuthorityContact_theContactDetails
 => contactAddress
contactAddress => deliveryPoint
contactAddress => cityName
contactAddress => countryName
contactAddress => postalCode
 => onlineResource
onlineResource => linkage
 => telecommunications
telecommunications => telecommunicationIdentifier
 => AuthorityHours_theServiceHours
 => scheduleByDayOfWeek
scheduleByDayOfWeek => timeIntervalsByDayOfWeek
timeIntervalsByDayOfWeek => dayOfWeek
timeIntervalsByDayOfWeek => dayOfWeek
timeIntervalsByDayOfWeek => dayOfWeekIsRange
timeIntervalsByDayOfWeek => timeOfDayStart
timeIntervalsByDayOfWeek => timeOfDayEnd
 => ExceptionalWorkday_partialWorkingDay
 => dateVariable
 => dynamicResource
